2024-03-04 22:19:39,846 [INFO] Activator:177 - 


2024-03-04 22:19:39,847 [INFO] Activator:178 - !SESSION log4j initialized
2024-03-04 22:19:53,395 [ERROR] ApiDbMcu:1508 - Can't use Application install path:
2024-03-04 22:19:56,129 [WARN] RulesReader:59 - Compatibility file://mcu/compatibility.xml not found
2024-03-06 16:27:10,108 [INFO] Activator:177 - 


2024-03-06 16:27:10,110 [INFO] Activator:178 - !SESSION log4j initialized
2024-03-06 16:27:10,522 [ERROR] ApiDbMcu:1508 - Can't use Application install path:
2024-03-06 16:27:13,253 [WARN] RulesReader:59 - Compatibility file://mcu/compatibility.xml not found
2024-03-11 09:49:09,914 [INFO] Activator:177 - 


2024-03-11 09:49:09,918 [INFO] Activator:178 - !SESSION log4j initialized
2024-03-11 09:49:10,667 [ERROR] ApiDbMcu:1508 - Can't use Application install path:
2024-03-11 09:49:16,191 [WARN] RulesReader:59 - Compatibility file://mcu/compatibility.xml not found
2024-03-11 09:53:11,976 [INFO] McuFinderGlobals:39 - Set McuFinder mode to 2 (CubeIDE integrated)
2024-03-11 09:53:14,326 [INFO] ApplicationProperties:181 - Using Application install path: C:\ST\STM32CubeIDE_1.7.0\STM32CubeIDE\plugins\com.st.stm32cube.common.mx_6.3.0.202107141111
2024-03-11 09:53:14,338 [INFO] DbMcusXml:74 - Set database path to: C:\ST\STM32CubeIDE_1.7.0\STM32CubeIDE\plugins\com.st.stm32cube.common.mx_6.3.0.202107141111\\db\/mcu/
2024-03-11 09:53:14,343 [INFO] DbBoardsPdsc:56 - Set plugin database path to: C:\ST\STM32CubeIDE_1.7.0\STM32CubeIDE\plugins\com.st.stm32cube.common.mx_6.3.0.202107141111\\db\/plugins/boardmanager/
2024-03-11 09:53:14,344 [INFO] DbMcus:258 - Set plugin images path to: C:\ST\STM32CubeIDE_1.7.0\STM32CubeIDE\plugins\com.st.stm32cube.common.mx_6.3.0.202107141111\\db\/plugins/mcufinder/images/
2024-03-11 09:53:14,344 [INFO] DbBoards:264 - Set plugin images path to: C:\ST\STM32CubeIDE_1.7.0\STM32CubeIDE\plugins\com.st.stm32cube.common.mx_6.3.0.202107141111\\db\/plugins/mcufinder/images/
2024-03-11 09:53:14,348 [INFO] DbExamples:333 - Set plugin images path to: C:\ST\STM32CubeIDE_1.7.0\STM32CubeIDE\plugins\com.st.stm32cube.common.mx_6.3.0.202107141111\\db\/plugins/mcufinder/images/
2024-03-11 09:53:14,363 [INFO] DbMcusAds:119 - Set database path to: C:\Users\Hi There\.stmcufinder\plugins\mcufinder//mcu/
2024-03-11 09:53:14,365 [INFO] DbMcusDocs:110 - Set database path to: C:\Users\Hi There\.stmcufinder\plugins\mcufinder//mcu/
2024-03-11 09:53:14,368 [INFO] DbMcusJson:64 - Set database path to: C:\Users\Hi There\.stmcufinder\plugins\mcufinder//mcu/
2024-03-11 09:53:14,369 [INFO] DbBoardsDocs:110 - Set database path to: C:\Users\Hi There\.stmcufinder\plugins\mcufinder//mcu/
2024-03-11 09:53:14,370 [INFO] DbBoardsJson:57 - Set database path to: C:\Users\Hi There\.stmcufinder\plugins\mcufinder//mcu/
2024-03-11 09:53:14,388 [INFO] CrossReferenceDbSqlite:196 - Set database path to: C:\Users\Hi There\.stmcufinder\plugins\mcufinder//mcu/cs/
2024-03-11 09:53:14,394 [INFO] DbExamplesSqlite:767 - Set database path to: C:\Users\Hi There\.stmcufinder\plugins\mcufinder//mcu/
2024-03-11 09:53:14,514 [INFO] DbMcusXml:74 - Set database path to: C:\ST\STM32CubeIDE_1.7.0\STM32CubeIDE\plugins\com.st.stm32cube.common.mx_6.3.0.202107141111\\db\/mcu/
2024-03-11 09:53:14,514 [INFO] DbBoardsPdsc:56 - Set plugin database path to: C:\ST\STM32CubeIDE_1.7.0\STM32CubeIDE\plugins\com.st.stm32cube.common.mx_6.3.0.202107141111\\db\/plugins/boardmanager/
2024-03-11 09:53:14,514 [INFO] DbMcus:258 - Set plugin images path to: C:\ST\STM32CubeIDE_1.7.0\STM32CubeIDE\plugins\com.st.stm32cube.common.mx_6.3.0.202107141111\\db\/plugins/mcufinder/images/
2024-03-11 09:53:14,514 [INFO] DbBoards:264 - Set plugin images path to: C:\ST\STM32CubeIDE_1.7.0\STM32CubeIDE\plugins\com.st.stm32cube.common.mx_6.3.0.202107141111\\db\/plugins/mcufinder/images/
2024-03-11 09:53:14,516 [INFO] DbExamples:333 - Set plugin images path to: C:\ST\STM32CubeIDE_1.7.0\STM32CubeIDE\plugins\com.st.stm32cube.common.mx_6.3.0.202107141111\\db\/plugins/mcufinder/images/
2024-03-11 09:53:14,516 [WARN] DbFile:35 - Overriding database path with different value: C:\Users\Hi There\.stmcufinder\plugins\mcufinder/ => C:\Users\Hi There\.stmcufinder\plugins\mcufinder
2024-03-11 09:53:14,516 [INFO] DbMcusAds:119 - Set database path to: C:\Users\Hi There\.stmcufinder\plugins\mcufinder//mcu/
2024-03-11 09:53:14,516 [WARN] DbFile:35 - Overriding database path with different value: C:\Users\Hi There\.stmcufinder\plugins\mcufinder/ => C:\Users\Hi There\.stmcufinder\plugins\mcufinder
2024-03-11 09:53:14,516 [INFO] DbMcusDocs:110 - Set database path to: C:\Users\Hi There\.stmcufinder\plugins\mcufinder//mcu/
2024-03-11 09:53:14,516 [WARN] DbFile:35 - Overriding database path with different value: C:\Users\Hi There\.stmcufinder\plugins\mcufinder/ => C:\Users\Hi There\.stmcufinder\plugins\mcufinder
2024-03-11 09:53:14,517 [INFO] DbMcusJson:64 - Set database path to: C:\Users\Hi There\.stmcufinder\plugins\mcufinder//mcu/
2024-03-11 09:53:14,517 [WARN] DbFile:35 - Overriding database path with different value: C:\Users\Hi There\.stmcufinder\plugins\mcufinder/ => C:\Users\Hi There\.stmcufinder\plugins\mcufinder
2024-03-11 09:53:14,517 [INFO] DbBoardsDocs:110 - Set database path to: C:\Users\Hi There\.stmcufinder\plugins\mcufinder//mcu/
2024-03-11 09:53:14,517 [WARN] DbFile:35 - Overriding database path with different value: C:\Users\Hi There\.stmcufinder\plugins\mcufinder/ => C:\Users\Hi There\.stmcufinder\plugins\mcufinder
2024-03-11 09:53:14,517 [INFO] DbBoardsJson:57 - Set database path to: C:\Users\Hi There\.stmcufinder\plugins\mcufinder//mcu/
2024-03-11 09:53:14,517 [WARN] DbFile:35 - Overriding database path with different value: C:\Users\Hi There\.stmcufinder\plugins\mcufinder/ => C:\Users\Hi There\.stmcufinder\plugins\mcufinder
2024-03-11 09:53:14,517 [WARN] DbFile:35 - Overriding database path with different value: C:\Users\Hi There\.stmcufinder\plugins\mcufinder/ => C:\Users\Hi There\.stmcufinder\plugins\mcufinder
2024-03-11 09:53:14,517 [INFO] CrossReferenceDbSqlite:196 - Set database path to: C:\Users\Hi There\.stmcufinder\plugins\mcufinder//mcu/cs/
2024-03-11 09:53:14,518 [WARN] DbFile:35 - Overriding database path with different value: C:\Users\Hi There\.stmcufinder\plugins\mcufinder/ => C:\Users\Hi There\.stmcufinder\plugins\mcufinder
2024-03-11 09:53:14,518 [INFO] DbExamplesSqlite:767 - Set database path to: C:\Users\Hi There\.stmcufinder\plugins\mcufinder//mcu/
2024-03-11 09:53:14,626 [INFO] MainPanel:214 - HeapMemory: 848297984
2024-03-11 09:53:14,760 [INFO] DbMcusXml:74 - Set database path to: C:\ST\STM32CubeIDE_1.7.0\STM32CubeIDE\plugins\com.st.stm32cube.common.mx_6.3.0.202107141111\\db\/mcu/
2024-03-11 09:53:14,760 [INFO] DbBoardsPdsc:56 - Set plugin database path to: C:\ST\STM32CubeIDE_1.7.0\STM32CubeIDE\plugins\com.st.stm32cube.common.mx_6.3.0.202107141111\\db\/plugins/boardmanager/
2024-03-11 09:53:14,760 [INFO] DbMcus:258 - Set plugin images path to: C:\ST\STM32CubeIDE_1.7.0\STM32CubeIDE\plugins\com.st.stm32cube.common.mx_6.3.0.202107141111\\db\/plugins/mcufinder/images/
2024-03-11 09:53:14,761 [INFO] DbBoards:264 - Set plugin images path to: C:\ST\STM32CubeIDE_1.7.0\STM32CubeIDE\plugins\com.st.stm32cube.common.mx_6.3.0.202107141111\\db\/plugins/mcufinder/images/
2024-03-11 09:53:14,761 [INFO] DbExamples:333 - Set plugin images path to: C:\ST\STM32CubeIDE_1.7.0\STM32CubeIDE\plugins\com.st.stm32cube.common.mx_6.3.0.202107141111\\db\/plugins/mcufinder/images/
2024-03-11 09:53:14,762 [WARN] DbFile:35 - Overriding database path with different value: C:\Users\Hi There\.stmcufinder\plugins\mcufinder/ => C:\Users\Hi There\.stmcufinder\plugins\mcufinder
2024-03-11 09:53:14,762 [INFO] DbMcusAds:119 - Set database path to: C:\Users\Hi There\.stmcufinder\plugins\mcufinder//mcu/
2024-03-11 09:53:14,762 [WARN] DbFile:35 - Overriding database path with different value: C:\Users\Hi There\.stmcufinder\plugins\mcufinder/ => C:\Users\Hi There\.stmcufinder\plugins\mcufinder
2024-03-11 09:53:14,762 [INFO] DbMcusDocs:110 - Set database path to: C:\Users\Hi There\.stmcufinder\plugins\mcufinder//mcu/
2024-03-11 09:53:14,763 [WARN] DbFile:35 - Overriding database path with different value: C:\Users\Hi There\.stmcufinder\plugins\mcufinder/ => C:\Users\Hi There\.stmcufinder\plugins\mcufinder
2024-03-11 09:53:14,763 [INFO] DbMcusJson:64 - Set database path to: C:\Users\Hi There\.stmcufinder\plugins\mcufinder//mcu/
2024-03-11 09:53:14,763 [WARN] DbFile:35 - Overriding database path with different value: C:\Users\Hi There\.stmcufinder\plugins\mcufinder/ => C:\Users\Hi There\.stmcufinder\plugins\mcufinder
2024-03-11 09:53:14,763 [INFO] DbBoardsDocs:110 - Set database path to: C:\Users\Hi There\.stmcufinder\plugins\mcufinder//mcu/
2024-03-11 09:53:14,764 [WARN] DbFile:35 - Overriding database path with different value: C:\Users\Hi There\.stmcufinder\plugins\mcufinder/ => C:\Users\Hi There\.stmcufinder\plugins\mcufinder
2024-03-11 09:53:14,764 [INFO] DbBoardsJson:57 - Set database path to: C:\Users\Hi There\.stmcufinder\plugins\mcufinder//mcu/
2024-03-11 09:53:14,764 [WARN] DbFile:35 - Overriding database path with different value: C:\Users\Hi There\.stmcufinder\plugins\mcufinder/ => C:\Users\Hi There\.stmcufinder\plugins\mcufinder
2024-03-11 09:53:14,764 [WARN] DbFile:35 - Overriding database path with different value: C:\Users\Hi There\.stmcufinder\plugins\mcufinder/ => C:\Users\Hi There\.stmcufinder\plugins\mcufinder
2024-03-11 09:53:14,765 [INFO] CrossReferenceDbSqlite:196 - Set database path to: C:\Users\Hi There\.stmcufinder\plugins\mcufinder//mcu/cs/
2024-03-11 09:53:14,765 [WARN] DbFile:35 - Overriding database path with different value: C:\Users\Hi There\.stmcufinder\plugins\mcufinder/ => C:\Users\Hi There\.stmcufinder\plugins\mcufinder
2024-03-11 09:53:14,765 [INFO] DbExamplesSqlite:767 - Set database path to: C:\Users\Hi There\.stmcufinder\plugins\mcufinder//mcu/
2024-03-11 09:53:14,792 [INFO] ApplicationProperties:181 - Using Application install path: C:\ST\STM32CubeIDE_1.7.0\STM32CubeIDE\plugins\com.st.stm32cube.common.mx_6.3.0.202107141111
2024-03-11 09:53:14,795 [INFO] PluginManage:188 - Search for loadable plugins [exclusion list=, ]
2024-03-11 09:53:14,797 [INFO] PluginManage:302 - Check plugin analytics
2024-03-11 09:53:15,050 [INFO] AnalyticsPlugin:257 - Accepted Software Licenses: 
2024-03-11 09:53:15,051 [INFO] AnalyticsPlugin:259 - Accepted CMSIS Pack Licenses: 
2024-03-11 09:53:15,052 [INFO] AnalyticsPlugin:261 - Accepted Firmware Licenses: 
2024-03-11 09:53:15,053 [INFO] PluginManage:352 - Loaded plugin analytics (category:tool,tabindex:-1)
2024-03-11 09:53:15,053 [INFO] PluginManage:302 - Check plugin clock
2024-03-11 09:53:15,070 [INFO] PluginManage:352 - Loaded plugin clock (category:base,tabindex:2)
2024-03-11 09:53:15,071 [INFO] PluginManage:302 - Check plugin ddr
2024-03-11 09:53:15,073 [INFO] PluginManage:352 - Loaded plugin ddr (category:tool,tabindex:6)
2024-03-11 09:53:15,074 [INFO] PluginManage:302 - Check plugin filemanager
2024-03-11 09:53:15,244 [INFO] PluginManage:352 - Loaded plugin filemanager (category:base,tabindex:10)
2024-03-11 09:53:15,244 [INFO] PluginManage:302 - Check plugin ipmanager
2024-03-11 09:53:15,255 [INFO] PluginManage:352 - Loaded plugin ipmanager (category:base,tabindex:5)
2024-03-11 09:53:15,255 [INFO] PluginManage:302 - Check plugin pinoutandconfiguration
2024-03-11 09:53:15,271 [INFO] PluginManage:352 - Loaded plugin pinoutandconfiguration (category:base,tabindex:1)
2024-03-11 09:53:15,272 [INFO] PluginManage:302 - Check plugin pinoutconfig
2024-03-11 09:53:15,323 [INFO] PluginManage:352 - Loaded plugin pinoutconfig (category:base,tabindex:0)
2024-03-11 09:53:15,323 [INFO] PluginManage:302 - Check plugin power
2024-03-11 09:53:15,346 [INFO] PluginManage:352 - Loaded plugin power (category:power,tabindex:4)
2024-03-11 09:53:15,346 [INFO] PluginManage:302 - Check plugin projectmanager
2024-03-11 09:53:15,378 [INFO] PluginManage:352 - Loaded plugin projectmanager (category:projectmanager,tabindex:3)
2024-03-11 09:53:15,380 [INFO] PluginManage:302 - Check plugin thirdparty
2024-03-11 09:53:15,605 [INFO] PluginManage:352 - Loaded plugin thirdparty (category:base,tabindex:-1)
2024-03-11 09:53:15,606 [INFO] PluginManage:302 - Check plugin tools
2024-03-11 09:53:15,608 [WARN] IntegrityCheckThread:78 - waiting for thirdparty lock release [integrity check]
2024-03-11 09:53:15,610 [INFO] IntegrityCheckThread:80 - entering critical section [integrity check]
2024-03-11 09:53:15,611 [INFO] ThirdPartyUpdaterWithRetryManager:66 - Updater plugin not ready yet. [1/15]
2024-03-11 09:53:15,614 [INFO] PluginManage:352 - Loaded plugin tools (category:base,tabindex:7)
2024-03-11 09:53:15,614 [INFO] PluginManage:302 - Check plugin tutovideos
2024-03-11 09:53:16,022 [INFO] PluginManage:352 - Loaded plugin tutovideos (category:base,tabindex:-1)
2024-03-11 09:53:16,022 [INFO] PluginManage:302 - Check plugin updater
2024-03-11 09:53:16,045 [INFO] PluginManage:352 - Loaded plugin updater (category:base,tabindex:12)
2024-03-11 09:53:16,046 [INFO] PluginManage:275 - PluginManage : Loaded plugins [13]
2024-03-11 09:53:16,426 [INFO] PinOutPanel:1463 - setPackage(No Configuration,No Configuration)
2024-03-11 09:53:16,604 [INFO] IPUIPlugin:74 - create IPUIPlugin
2024-03-11 09:53:16,604 [INFO] PluginManager:213 - loadIPPluginJar : add adc
2024-03-11 09:53:16,609 [INFO] IPUIPlugin:74 - create IPUIPlugin
2024-03-11 09:53:16,610 [INFO] PluginManager:213 - loadIPPluginJar : add aes
2024-03-11 09:53:16,613 [INFO] IPUIPlugin:74 - create IPUIPlugin
2024-03-11 09:53:16,614 [INFO] PluginManager:213 - loadIPPluginJar : add can
2024-03-11 09:53:16,616 [INFO] IPUIPlugin:74 - create IPUIPlugin
2024-03-11 09:53:16,616 [INFO] PluginManager:213 - loadIPPluginJar : add comp
2024-03-11 09:53:16,621 [INFO] IPUIPlugin:74 - create IPUIPlugin
2024-03-11 09:53:16,622 [INFO] PluginManager:213 - loadIPPluginJar : add cryp
2024-03-11 09:53:16,627 [INFO] IPUIPlugin:74 - create IPUIPlugin
2024-03-11 09:53:16,627 [INFO] PluginManager:213 - loadIPPluginJar : add dfsdm
2024-03-11 09:53:16,636 [INFO] IPUIPlugin:74 - create IPUIPlugin
2024-03-11 09:53:16,638 [INFO] PluginManager:213 - loadIPPluginJar : add dma
2024-03-11 09:53:16,642 [INFO] IPUIPlugin:74 - create IPUIPlugin
2024-03-11 09:53:16,643 [INFO] PluginManager:213 - loadIPPluginJar : add dma3
2024-03-11 09:53:16,646 [INFO] IPUIPlugin:74 - create IPUIPlugin
2024-03-11 09:53:16,646 [INFO] PluginManager:213 - loadIPPluginJar : add fatfs
2024-03-11 09:53:16,654 [INFO] IPUIPlugin:74 - create IPUIPlugin
2024-03-11 09:53:16,654 [INFO] PluginManager:213 - loadIPPluginJar : add fmc
2024-03-11 09:53:16,670 [INFO] IPUIPlugin:74 - create IPUIPlugin
2024-03-11 09:53:16,671 [INFO] PluginManager:213 - loadIPPluginJar : add freertos
2024-03-11 09:53:16,674 [INFO] IPUIPlugin:74 - create IPUIPlugin
2024-03-11 09:53:16,674 [INFO] PluginManager:213 - loadIPPluginJar : add genericplugin
2024-03-11 09:53:16,678 [INFO] IPUIPlugin:74 - create IPUIPlugin
2024-03-11 09:53:16,679 [INFO] PluginManager:213 - loadIPPluginJar : add gfxmmu
2024-03-11 09:53:16,707 [INFO] IPUIPlugin:74 - create IPUIPlugin
2024-03-11 09:53:16,708 [INFO] PluginManager:213 - loadIPPluginJar : add gic
2024-03-11 09:53:16,718 [INFO] IPUIPlugin:74 - create IPUIPlugin
2024-03-11 09:53:16,719 [INFO] PluginManager:213 - loadIPPluginJar : add gpio
2024-03-11 09:53:16,724 [INFO] IPUIPlugin:74 - create IPUIPlugin
2024-03-11 09:53:16,724 [INFO] PluginManager:213 - loadIPPluginJar : add gtzc
2024-03-11 09:53:16,729 [INFO] IPUIPlugin:74 - create IPUIPlugin
2024-03-11 09:53:16,729 [INFO] PluginManager:213 - loadIPPluginJar : add hash
2024-03-11 09:53:16,735 [INFO] IPUIPlugin:74 - create IPUIPlugin
2024-03-11 09:53:16,736 [INFO] PluginManager:213 - loadIPPluginJar : add i2c
2024-03-11 09:53:16,741 [INFO] IPUIPlugin:74 - create IPUIPlugin
2024-03-11 09:53:16,741 [INFO] PluginManager:213 - loadIPPluginJar : add i2s
2024-03-11 09:53:16,750 [INFO] IPUIPlugin:74 - create IPUIPlugin
2024-03-11 09:53:16,750 [INFO] PluginManager:213 - loadIPPluginJar : add ipddr
2024-03-11 09:53:16,767 [INFO] IPUIPlugin:74 - create IPUIPlugin
2024-03-11 09:53:16,767 [INFO] PluginManager:213 - loadIPPluginJar : add linkedlist
2024-03-11 09:53:16,774 [INFO] IPUIPlugin:74 - create IPUIPlugin
2024-03-11 09:53:16,774 [INFO] PluginManager:213 - loadIPPluginJar : add lorawan
2024-03-11 09:53:16,779 [INFO] IPUIPlugin:74 - create IPUIPlugin
2024-03-11 09:53:16,779 [INFO] PluginManager:213 - loadIPPluginJar : add ltdc
2024-03-11 09:53:16,791 [INFO] IPUIPlugin:74 - create IPUIPlugin
2024-03-11 09:53:16,791 [INFO] PluginManager:213 - loadIPPluginJar : add mdma
2024-03-11 09:53:16,801 [INFO] IPUIPlugin:74 - create IPUIPlugin
2024-03-11 09:53:16,801 [INFO] PluginManager:213 - loadIPPluginJar : add nvic
2024-03-11 09:53:16,809 [INFO] IPUIPlugin:74 - create IPUIPlugin
2024-03-11 09:53:16,809 [INFO] PluginManager:213 - loadIPPluginJar : add opamp
2024-03-11 09:53:16,815 [INFO] IPUIPlugin:74 - create IPUIPlugin
2024-03-11 09:53:16,816 [INFO] PluginManager:213 - loadIPPluginJar : add openamp
2024-03-11 09:53:16,823 [INFO] IPUIPlugin:74 - create IPUIPlugin
2024-03-11 09:53:16,823 [INFO] PluginManager:213 - loadIPPluginJar : add pdm2pcm
2024-03-11 09:53:16,840 [INFO] IPUIPlugin:74 - create IPUIPlugin
2024-03-11 09:53:16,847 [INFO] PluginManager:213 - loadIPPluginJar : add plateformsettings
2024-03-11 09:53:16,853 [INFO] IPUIPlugin:74 - create IPUIPlugin
2024-03-11 09:53:16,853 [INFO] PluginManager:213 - loadIPPluginJar : add quadspi
2024-03-11 09:53:16,865 [INFO] IPUIPlugin:74 - create IPUIPlugin
2024-03-11 09:53:16,865 [INFO] PluginManager:213 - loadIPPluginJar : add resmgrutility
2024-03-11 09:53:16,873 [INFO] IPUIPlugin:74 - create IPUIPlugin
2024-03-11 09:53:16,874 [INFO] PluginManager:213 - loadIPPluginJar : add sai
2024-03-11 09:53:16,879 [INFO] IPUIPlugin:74 - create IPUIPlugin
2024-03-11 09:53:16,879 [INFO] PluginManager:213 - loadIPPluginJar : add spi
2024-03-11 09:53:16,889 [INFO] IPUIPlugin:74 - create IPUIPlugin
2024-03-11 09:53:16,890 [INFO] PluginManager:213 - loadIPPluginJar : add stm32_wpan
2024-03-11 09:53:16,893 [INFO] IPUIPlugin:74 - create IPUIPlugin
2024-03-11 09:53:16,894 [INFO] PluginManager:213 - loadIPPluginJar : add tim
2024-03-11 09:53:16,908 [INFO] IPUIPlugin:74 - create IPUIPlugin
2024-03-11 09:53:16,908 [INFO] PluginManager:213 - loadIPPluginJar : add touchsensing
2024-03-11 09:53:16,913 [INFO] IPUIPlugin:74 - create IPUIPlugin
2024-03-11 09:53:16,914 [INFO] PluginManager:213 - loadIPPluginJar : add tracer_emb
2024-03-11 09:53:16,921 [INFO] IPUIPlugin:74 - create IPUIPlugin
2024-03-11 09:53:16,921 [INFO] PluginManager:213 - loadIPPluginJar : add ts
2024-03-11 09:53:16,926 [INFO] IPUIPlugin:74 - create IPUIPlugin
2024-03-11 09:53:16,926 [INFO] PluginManager:213 - loadIPPluginJar : add tsc
2024-03-11 09:53:16,932 [INFO] IPUIPlugin:74 - create IPUIPlugin
2024-03-11 09:53:16,933 [INFO] PluginManager:213 - loadIPPluginJar : add ucpd
2024-03-11 09:53:16,939 [INFO] IPUIPlugin:74 - create IPUIPlugin
2024-03-11 09:53:16,940 [INFO] PluginManager:213 - loadIPPluginJar : add usart
2024-03-11 09:53:16,945 [INFO] IPUIPlugin:74 - create IPUIPlugin
2024-03-11 09:53:16,946 [INFO] PluginManager:213 - loadIPPluginJar : add usbx
2024-03-11 09:53:17,405 [FATAL] Updater:294 - Updater called before beeing initialized
2024-03-11 09:53:17,535 [FATAL] Updater:294 - Updater called before beeing initialized
2024-03-11 09:53:17,539 [INFO] DbMcusAds:47 - JSON generation date=Wed Nov 29 17:52:27 ICT 2023 (1701255147349)
2024-03-11 09:53:17,539 [FATAL] Updater:294 - Updater called before beeing initialized
2024-03-11 09:53:17,614 [WARN] DetailPanel:314 - Failed to get advertising image, set to default
2024-03-11 09:53:17,733 [FATAL] Updater:294 - Updater called before beeing initialized
2024-03-11 09:53:17,737 [FATAL] Updater:294 - Updater called before beeing initialized
2024-03-11 09:53:17,737 [FATAL] Updater:294 - Updater called before beeing initialized
2024-03-11 09:53:17,737 [WARN] DetailPanel:314 - Failed to get advertising image, set to default
2024-03-11 09:53:17,738 [FATAL] Updater:294 - Updater called before beeing initialized
2024-03-11 09:53:17,880 [ERROR] Updater:1075 - MainUpdater not yet initialized. External WinMGr cannot be set.
2024-03-11 09:53:17,884 [INFO] Updater:1012 - Updater Version found : 6.3.0
2024-03-11 09:53:17,918 [INFO] ApplicationProperties:181 - Using Application install path: C:\ST\STM32CubeIDE_1.7.0\STM32CubeIDE\plugins\com.st.stm32cube.common.mx_6.3.0.202107141111
2024-03-11 09:53:18,129 [INFO] MainUpdater:2671 - connection check result : 10
2024-03-11 09:53:18,130 [INFO] MainUpdater:265 - Updater Check For Update Now.
2024-03-11 09:53:18,131 [INFO] MicroXplorer:478 - Change Database Version : DB.6.0.30
2024-03-11 09:53:18,305 [INFO] CheckServerUpdateThread:112 - End of CheckServer Thread
2024-03-11 09:53:18,364 [INFO] MainUpdater:2671 - connection check result : 10
2024-03-11 09:53:18,366 [INFO] MainUpdater:2671 - connection check result : 10
2024-03-11 09:53:18,577 [INFO] MicroXplorer:448 - Change Database Path : 
2024-03-11 09:53:18,578 [INFO] MicroXplorer:478 - Change Database Version : DB.6.0.30
2024-03-11 09:53:18,579 [WARN] ThirdParty:813 - waiting for thirdparty lock release [close project]
2024-03-11 09:53:18,869 [ERROR] Engine:463 - C:\Users\Hi There\.stm32cubemx\thirdparties\pdsc\STMicroelectronics.X-CUBE-SMBUS.2.1.0.pdsc: PDSC version is not supported
2024-03-11 09:53:18,907 [WARN] PackLoader:238 - Cannot read IP mode file for STMicroelectronics.X-CUBE-TOUCHGFX.4.23.0
2024-03-11 09:53:18,954 [WARN] PackLoader:238 - Cannot read IP mode file for STMicroelectronics.X-CUBE-AZRTOS-F7.1.1.0
2024-03-11 09:53:18,966 [ERROR] Engine:463 - C:\Users\Hi There\.stm32cubemx\thirdparties\pdsc\STMicroelectronics.FP-SNS-MOTENV1.4.3.2.pdsc: PDSC version is not supported
2024-03-11 09:53:18,970 [ERROR] Engine:463 - C:\Users\Hi There\.stm32cubemx\thirdparties\pdsc\STMicroelectronics.FP-SNS-FLIGHT1.5.0.2.pdsc: PDSC version is not supported
2024-03-11 09:53:18,975 [ERROR] Engine:463 - C:\Users\Hi There\.stm32cubemx\thirdparties\pdsc\STMicroelectronics.X-CUBE-DISPLAY.3.0.0.pdsc: PDSC version is not supported
2024-03-11 09:53:18,997 [WARN] PackLoader:238 - Cannot read IP mode file for STMicroelectronics.X-CUBE-BLE1.7.0.0
2024-03-11 09:53:19,003 [ERROR] Engine:463 - C:\Users\Hi There\.stm32cubemx\thirdparties\pdsc\emotas.I-CUBE-CANOPEN.1.3.0.pdsc: PDSC version is not supported
2024-03-11 09:53:19,009 [ERROR] Engine:463 - C:\Users\Hi There\.stm32cubemx\thirdparties\pdsc\STMicroelectronics.X-CUBE-BLEMGR.3.1.0.pdsc: PDSC version is not supported
2024-03-11 09:53:19,011 [ERROR] Engine:463 - C:\Users\Hi There\.stm32cubemx\thirdparties\pdsc\STMicroelectronics.FP-SNS-SMARTAG2.1.2.0.pdsc: PDSC version is not supported
2024-03-11 09:53:19,028 [INFO] LogOutputStream:76 - [STDOUT_REDIRECT] 1 : Invalid condition id : UX_CORESTACK_Condition cause : null
2024-03-11 09:53:19,031 [INFO] LogOutputStream:76 - [STDOUT_REDIRECT] 1 : Invalid condition id : UX_CORESTACK_Condition cause : null
2024-03-11 09:53:19,033 [INFO] LogOutputStream:76 - [STDOUT_REDIRECT] 1 : Invalid condition id : UX_CORESTACK_Condition cause : null
2024-03-11 09:53:19,035 [INFO] LogOutputStream:76 - [STDOUT_REDIRECT] 1 : Invalid condition id : UX_CORESTACK_Condition cause : null
2024-03-11 09:53:19,036 [INFO] LogOutputStream:76 - [STDOUT_REDIRECT] 1 : Invalid condition id : UX_CORESTACK_Condition cause : null
2024-03-11 09:53:19,040 [WARN] PackLoader:238 - Cannot read IP mode file for STMicroelectronics.X-CUBE-AZRTOS-WL.2.0.0
2024-03-11 09:53:19,057 [WARN] PackLoader:238 - Cannot read IP mode file for WES.I-CUBE-Cesium.1.3.0
2024-03-11 09:53:19,065 [WARN] PackLoader:238 - Cannot read IP mode file for STMicroelectronics.X-CUBE-BLE2.3.3.0
2024-03-11 09:53:19,074 [WARN] PackLoader:238 - Cannot read IP mode file for STMicroelectronics.X-CUBE-ALGOBUILD.1.3.0
2024-03-11 09:53:19,126 [WARN] PackLoader:238 - Cannot read IP mode file for STMicroelectronics.X-CUBE-AZRTOS-G0.1.1.0
2024-03-11 09:53:19,144 [WARN] PackLoader:238 - Cannot read IP mode file for STMicroelectronics.X-CUBE-NFC4.3.0.0
2024-03-11 09:53:19,156 [WARN] PackLoader:238 - Cannot read IP mode file for STMicroelectronics.FP-ATR-SIGFOX1.3.2.0
2024-03-11 09:53:19,170 [WARN] PackLoader:238 - Cannot read IP mode file for STMicroelectronics.X-CUBE-EEPRMA1.5.1.0
2024-03-11 09:53:19,245 [WARN] PackLoader:238 - Cannot read IP mode file for SEGGER.I-CUBE-embOS.1.3.1
2024-03-11 09:53:19,356 [WARN] PackLoader:238 - Cannot read IP mode file for STMicroelectronics.X-CUBE-GNSS1.6.0.0
2024-03-11 09:53:19,387 [WARN] PackLoader:238 - Cannot read IP mode file for STMicroelectronics.X-CUBE-AZRTOS-F4.1.1.0
2024-03-11 09:53:19,399 [WARN] PackLoader:238 - Cannot read IP mode file for wolfSSL.I-CUBE-wolfSSL.5.6.6
2024-03-11 09:53:19,438 [WARN] PackLoader:238 - Cannot read IP mode file for STMicroelectronics.X-CUBE-AZRTOS-L5.2.0.0
2024-03-11 09:53:19,449 [ERROR] Engine:463 - C:\Users\Hi There\.stm32cubemx\thirdparties\pdsc\ITTIA_DB.I-CUBE-ITTIADB.8.8.0.pdsc: PDSC version is not supported
2024-03-11 09:53:19,456 [WARN] PackLoader:238 - Cannot read IP mode file for STMicroelectronics.X-CUBE-NFC7.1.0.1
2024-03-11 09:53:19,478 [WARN] PackLoader:238 - Cannot read IP mode file for STMicroelectronics.X-CUBE-NFC6.3.0.0
2024-03-11 09:53:19,486 [WARN] PackLoader:238 - Cannot read IP mode file for STMicroelectronics.X-CUBE-AI.8.1.0
2024-03-11 09:53:19,526 [WARN] ConditionMgr:437 - getConditionDescription Invalid condition id : LAN8742 Phy interface Condition cause : null
2024-03-11 09:53:19,549 [WARN] PackLoader:238 - Cannot read IP mode file for STMicroelectronics.X-CUBE-AZRTOS-L4.2.0.0
2024-03-11 09:53:19,552 [WARN] ConditionMgr:1038 - genDependencies : Invalid condition id : LAN8742 Phy interface Condition cause : null
2024-03-11 09:53:19,552 [WARN] ConditionMgr:1038 - genDependencies : Invalid condition id : LAN8742 Phy interface Condition cause : null
2024-03-11 09:53:19,553 [WARN] ConditionMgr:1038 - genDependencies : Invalid condition id : LAN8742 Phy interface Condition cause : null
2024-03-11 09:53:19,570 [WARN] PackLoader:238 - Cannot read IP mode file for STMicroelectronics.X-CUBE-SFXS2LP1.4.0.0
2024-03-11 09:53:19,598 [WARN] ConditionMgr:437 - getConditionDescription Invalid condition id : UX DEVICE CLASS RTOS Condition cause : null
2024-03-11 09:53:19,598 [WARN] ConditionMgr:437 - getConditionDescription Invalid condition id : UX DEVICE CLASS RTOS Condition cause : null
2024-03-11 09:53:19,602 [WARN] PackLoader:238 - Cannot read IP mode file for STMicroelectronics.X-CUBE-AZRTOS-WB.2.0.0
2024-03-11 09:53:19,603 [WARN] ConditionMgr:1038 - genDependencies : Invalid condition id : UX DEVICE CLASS RTOS Condition cause : null
2024-03-11 09:53:19,603 [WARN] ConditionMgr:1038 - genDependencies : Invalid condition id : UX DEVICE CLASS RTOS Condition cause : null
2024-03-11 09:53:19,604 [WARN] ConditionMgr:1038 - genDependencies : Invalid condition id : UX DEVICE CLASS RTOS Condition cause : null
2024-03-11 09:53:19,604 [WARN] ConditionMgr:1038 - genDependencies : Invalid condition id : UX DEVICE CLASS RTOS Condition cause : null
2024-03-11 09:53:19,604 [WARN] ConditionMgr:1038 - genDependencies : Invalid condition id : UX DEVICE CLASS RTOS Condition cause : null
2024-03-11 09:53:19,621 [WARN] PackLoader:238 - Cannot read IP mode file for STMicroelectronics.X-CUBE-SUBG2.5.0.0
2024-03-11 09:53:19,656 [WARN] PackLoader:238 - Cannot read IP mode file for STMicroelectronics.X-CUBE-AZRTOS-G4.2.0.0
2024-03-11 09:53:19,668 [ERROR] Engine:463 - C:\Users\Hi There\.stm32cubemx\thirdparties\pdsc\Infineon.AIROC-Wi-Fi-Bluetooth-STM32.1.5.1.pdsc: PDSC version is not supported
2024-03-11 09:53:19,670 [ERROR] Engine:463 - C:\Users\Hi There\.stm32cubemx\thirdparties\pdsc\STMicroelectronics.FP-SNS-MOTENVWB1.1.3.1.pdsc: PDSC version is not supported
2024-03-11 09:53:19,675 [WARN] PackLoader:238 - Cannot read IP mode file for STMicroelectronics.X-CUBE-ISPU.2.0.0
2024-03-11 09:53:19,754 [WARN] PackLoader:238 - Cannot read IP mode file for STMicroelectronics.X-CUBE-MEMS1.10.0.0
2024-03-11 09:53:19,970 [ERROR] Engine:463 - C:\Users\Hi There\.stm32cubemx\thirdparties\pdsc\STMicroelectronics.X-CUBE-FREERTOS.1.1.0.pdsc: PDSC version is not supported
2024-03-11 09:53:19,980 [WARN] PackLoader:238 - Cannot read IP mode file for portGmbH.I-Cube-SoM-uGOAL.1.1.0
2024-03-11 09:53:19,986 [WARN] PackLoader:238 - Cannot read IP mode file for STMicroelectronics.X-CUBE-ALS.1.0.1
2024-03-11 09:53:19,994 [WARN] PackLoader:238 - Cannot read IP mode file for STMicroelectronics.FP-ATR-ASTRA1.2.0.0
2024-03-11 09:53:20,005 [ERROR] Engine:463 - C:\Users\Hi There\.stm32cubemx\thirdparties\pdsc\STMicroelectronics.X-CUBE-TOF1.3.4.0.pdsc: PDSC version is not supported
2024-03-11 09:53:20,014 [ERROR] Engine:463 - C:\Users\Hi There\.stm32cubemx\thirdparties\pdsc\STMicroelectronics.X-CUBE-TOF1.3.4.1.pdsc: PDSC version is not supported
2024-03-11 09:53:20,036 [WARN] PackLoader:238 - Cannot read IP mode file for STMicroelectronics.X-CUBE-AZRTOS-H7.3.2.0
2024-03-11 09:53:20,040 [INFO] ThirdParty:915 - Integrity check success = true
2024-03-11 09:53:20,041 [INFO] IntegrityCheckThread:94 - exiting critical section [integrity check]
2024-03-11 09:53:20,041 [INFO] IntegrityCheckThread:97 - End integrity checks thread
2024-03-11 09:53:20,041 [INFO] ThirdParty:815 - entering critical section [close project]
2024-03-11 09:53:20,044 [INFO] ThirdParty:825 - exiting critical section [close project]
2024-03-11 09:53:20,051 [INFO] PinOutPanel:1463 - setPackage(No Configuration,No Configuration)
2024-03-11 09:53:20,053 [INFO] UtilMem:74 - Begin LoadConfig() Used Memory: 760009960 Bytes (848297984)
2024-03-11 09:53:20,055 [INFO] MicroXplorer:448 - Change Database Path : 
2024-03-11 09:53:20,055 [INFO] MicroXplorer:478 - Change Database Version : DB.6.0.30
2024-03-11 09:53:20,055 [INFO] OpenFileManager:313 - Change cursor
2024-03-11 09:53:21,270 [INFO] Context:592 - Trying to add GPIOservice into a context  which must be forbidden
2024-03-11 09:53:21,641 [WARN] ApiManager:304 - Cannot register API 'Board Extension:GNSS1A1' from pack STMicroelectronics.X-CUBE-GNSS1.6.0.0: no header file found
2024-03-11 09:53:21,642 [WARN] ApiManager:304 - Cannot register API 'Board Support:Custom' from pack STMicroelectronics.X-CUBE-GNSS1.6.0.0: no header file found
2024-03-11 09:53:21,642 [WARN] ApiManager:304 - Cannot register API 'Data Exchange:lib_gnss' from pack STMicroelectronics.X-CUBE-GNSS1.6.0.0: no header file found
2024-03-11 09:53:21,652 [WARN] ApiManager:304 - Cannot register API 'Wireless:BlueNRG-MS' from pack STMicroelectronics.X-CUBE-BLE1.7.0.0: no header file found
2024-03-11 09:53:21,657 [WARN] ApiManager:304 - Cannot register API 'Board Extension:EEPRMA2' from pack STMicroelectronics.X-CUBE-EEPRMA1.5.1.0: no header file found
2024-03-11 09:53:21,657 [WARN] ApiManager:304 - Cannot register API 'Board Extension:PGEEZ1' from pack STMicroelectronics.X-CUBE-EEPRMA1.5.1.0: no header file found
2024-03-11 09:53:21,658 [WARN] ApiManager:304 - Cannot register API 'Board Extension:EEICA1' from pack STMicroelectronics.X-CUBE-EEPRMA1.5.1.0: no header file found
2024-03-11 09:53:21,658 [WARN] ApiManager:304 - Cannot register API 'Board Part:M24' from pack STMicroelectronics.X-CUBE-EEPRMA1.5.1.0: no header file found
2024-03-11 09:53:21,658 [WARN] ApiManager:304 - Cannot register API 'Board Part:M95' from pack STMicroelectronics.X-CUBE-EEPRMA1.5.1.0: no header file found
2024-03-11 09:53:21,658 [WARN] ApiManager:304 - Cannot register API 'Board Part:M95P32' from pack STMicroelectronics.X-CUBE-EEPRMA1.5.1.0: no header file found
2024-03-11 09:53:21,658 [WARN] ApiManager:304 - Cannot register API 'Board Part:M24256E-F' from pack STMicroelectronics.X-CUBE-EEPRMA1.5.1.0: no header file found
2024-03-11 09:53:21,658 [WARN] ApiManager:304 - Cannot register API 'Board Part:M24M01E-F' from pack STMicroelectronics.X-CUBE-EEPRMA1.5.1.0: no header file found
2024-03-11 09:53:21,658 [WARN] ApiManager:304 - Cannot register API 'PGEEZ1:SPI' from pack STMicroelectronics.X-CUBE-EEPRMA1.5.1.0: no header file found
2024-03-11 09:53:21,658 [WARN] ApiManager:304 - Cannot register API 'PGEEZ1:QDSPI' from pack STMicroelectronics.X-CUBE-EEPRMA1.5.1.0: no header file found
2024-03-11 09:53:21,662 [WARN] ModelIntegratedComponent:60 - No mode defined for component null
2024-03-11 09:53:21,662 [WARN] ModelIntegratedComponent:60 - No mode defined for component null
2024-03-11 09:53:21,663 [WARN] ModelIntegratedComponent:60 - No mode defined for component null
2024-03-11 09:53:21,663 [WARN] ModelIntegratedComponent:60 - No mode defined for component null
2024-03-11 09:53:21,663 [WARN] ModelIntegratedComponent:60 - No mode defined for component null
2024-03-11 09:53:21,663 [WARN] ModelIntegratedComponent:60 - No mode defined for component null
2024-03-11 09:53:21,663 [WARN] ModelIntegratedComponent:60 - No mode defined for component null
2024-03-11 09:53:21,663 [WARN] ModelIntegratedComponent:60 - No mode defined for component null
2024-03-11 09:53:21,663 [WARN] ModelIntegratedComponent:60 - No mode defined for component null
2024-03-11 09:53:21,663 [WARN] ModelIntegratedComponent:60 - No mode defined for component null
2024-03-11 09:53:21,663 [WARN] ModelIntegratedComponent:60 - No mode defined for component null
2024-03-11 09:53:21,664 [WARN] ModelIntegratedComponent:60 - No mode defined for component null
2024-03-11 09:53:21,664 [WARN] ModelIntegratedComponent:60 - No mode defined for component null
2024-03-11 09:53:21,664 [WARN] ModelIntegratedComponent:60 - No mode defined for component null
2024-03-11 09:53:21,664 [WARN] ModelIntegratedComponent:60 - No mode defined for component null
2024-03-11 09:53:21,664 [WARN] ModelIntegratedComponent:60 - No mode defined for component null
2024-03-11 09:53:21,664 [WARN] ModelIntegratedComponent:60 - No mode defined for component null
2024-03-11 09:53:21,664 [WARN] ModelIntegratedComponent:60 - No mode defined for component null
2024-03-11 09:53:21,664 [WARN] ModelIntegratedComponent:60 - No mode defined for component null
2024-03-11 09:53:21,664 [WARN] ModelIntegratedComponent:60 - No mode defined for component null
2024-03-11 09:53:21,664 [WARN] ModelIntegratedComponent:60 - No mode defined for component null
2024-03-11 09:53:21,665 [WARN] ModelIntegratedComponent:60 - No mode defined for component null
2024-03-11 09:53:21,665 [WARN] ModelIntegratedComponent:60 - No mode defined for component null
2024-03-11 09:53:21,665 [WARN] ModelIntegratedComponent:60 - No mode defined for component null
2024-03-11 09:53:21,665 [WARN] ModelIntegratedComponent:60 - No mode defined for component null
2024-03-11 09:53:21,665 [WARN] ModelIntegratedComponent:60 - No mode defined for component null
2024-03-11 09:53:21,665 [WARN] ModelIntegratedComponent:60 - No mode defined for component null
2024-03-11 09:53:21,665 [WARN] ModelIntegratedComponent:60 - No mode defined for component null
2024-03-11 09:53:21,666 [WARN] ModelIntegratedComponent:60 - No mode defined for component null
2024-03-11 09:53:21,666 [WARN] ModelIntegratedComponent:60 - No mode defined for component null
2024-03-11 09:53:21,666 [WARN] ModelIntegratedComponent:60 - No mode defined for component null
2024-03-11 09:53:21,877 [WARN] ApiManager:304 - Cannot register API 'Board Extension:IKS01A3' from pack STMicroelectronics.X-CUBE-MEMS1.10.0.0: no header file found
2024-03-11 09:53:21,877 [WARN] ApiManager:304 - Cannot register API 'Board Extension:IKS02A1' from pack STMicroelectronics.X-CUBE-MEMS1.10.0.0: no header file found
2024-03-11 09:53:21,878 [WARN] ApiManager:304 - Cannot register API 'Board Extension:IKS4A1' from pack STMicroelectronics.X-CUBE-MEMS1.10.0.0: no header file found
2024-03-11 09:53:21,885 [WARN] ApiManager:304 - Cannot register API 'Board Extension:NFC07A1' from pack STMicroelectronics.X-CUBE-NFC7.1.0.1: no header file found
2024-03-11 09:53:21,889 [WARN] ApiManager:304 - Cannot register API 'Board Extension:NFC06A1' from pack STMicroelectronics.X-CUBE-NFC6.3.0.0: no header file found
2024-03-11 09:53:21,889 [WARN] ApiManager:304 - Cannot register API 'Board Extension:NFC08A1' from pack STMicroelectronics.X-CUBE-NFC6.3.0.0: no header file found
2024-03-11 09:53:21,902 [INFO] RtosManager:484 - Registered RTOS mode: class=CMSIS, group=RTOS, mode=CMSIS_V1, owner=FREERTOS
2024-03-11 09:53:21,903 [INFO] RtosManager:484 - Registered RTOS mode: class=CMSIS, group=RTOS2, mode=CMSIS_V2, owner=FREERTOS
2024-03-11 09:53:21,903 [INFO] RtosManager:484 - Registered RTOS mode: class=RTOS, group=Core, mode=CMSIS_V1, owner=FREERTOS
2024-03-11 09:53:21,903 [INFO] RtosManager:484 - Registered RTOS mode: class=RTOS, group=Core, mode=CMSIS_V2, owner=FREERTOS
2024-03-11 09:53:21,903 [WARN] ModelIntegratedComponent:181 - Missing modes for component STMicroelectronics:FreeRTOS:0.0.1:STMicroelectronics:RTOS:FreeRTOS:Core:::10.2.0:
2024-03-11 09:53:21,905 [WARN] ApiManager:304 - Cannot register API 'Board Extension:NFC04A1' from pack STMicroelectronics.X-CUBE-NFC4.3.0.0: no header file found
2024-03-11 09:53:21,910 [WARN] ApiManager:304 - Cannot register API 'Board Extension:S2868A1' from pack STMicroelectronics.X-CUBE-SUBG2.5.0.0: no header file found
2024-03-11 09:53:21,910 [WARN] ApiManager:304 - Cannot register API 'Board Extension:S2868A2' from pack STMicroelectronics.X-CUBE-SUBG2.5.0.0: no header file found
2024-03-11 09:53:21,911 [WARN] ApiManager:304 - Cannot register API 'Board Extension:S2915A1' from pack STMicroelectronics.X-CUBE-SUBG2.5.0.0: no header file found
2024-03-11 09:53:21,914 [WARN] ApiManager:304 - Cannot register API 'Board Extension:S2868A1' from pack STMicroelectronics.X-CUBE-SFXS2LP1.4.0.0: no header file found
2024-03-11 09:53:21,914 [WARN] ApiManager:304 - Cannot register API 'Board Extension:S2868A2' from pack STMicroelectronics.X-CUBE-SFXS2LP1.4.0.0: no header file found
2024-03-11 09:53:21,914 [WARN] ApiManager:304 - Cannot register API 'Board Extension:S2915A1' from pack STMicroelectronics.X-CUBE-SFXS2LP1.4.0.0: no header file found
2024-03-11 09:53:21,915 [WARN] ApiManager:304 - Cannot register API 'Wireless:BlueNRG-2' from pack STMicroelectronics.X-CUBE-BLE2.3.3.0: no header file found
2024-03-11 09:53:23,932 [INFO] UtilMem:74 - End LoadConfig() Used Memory: 732282520 Bytes (848297984)
2024-03-11 09:53:23,936 [INFO] DbMcusXml:100 - Load MCU database from C:\ST\STM32CubeIDE_1.7.0\STM32CubeIDE\plugins\com.st.stm32cube.common.mx_6.3.0.202107141111\\db\/mcu/families.xml
2024-03-11 09:53:25,116 [INFO] DbMcusJson:93 - JSON generation date=Tue Nov 16 23:17:54 ICT 2021 (1637079474)
2024-03-11 09:53:25,859 [INFO] DbMcus:175 - Found 1951 MCUs (1903 are supported by CubeMX, 1914 are visible in CubeMX)
2024-03-11 09:53:25,868 [INFO] ApiDb:251 - Load user favorites file C:\Users\Hi There/.stm32cubeide/favorites.mcus.txt: 0 item(s)
2024-03-11 09:53:25,868 [INFO] ApiDb:255 - User favorites MCUs=[]
2024-03-11 09:53:25,868 [INFO] DbMcus:187 - Set 0 / 0 favorites MCUs
2024-03-11 09:53:25,883 [WARN] ThirdParty:779 - waiting for thirdparty lock release [change project]
2024-03-11 09:53:25,884 [INFO] ThirdParty:781 - entering critical section [change project]
2024-03-11 09:53:25,884 [INFO] ThirdParty:967 - CMSIS Pack Vendor :STMicroelectronics X-CUBE-GNSS1 6.0.0
2024-03-11 09:53:25,884 [INFO] ThirdParty:967 - CMSIS Pack Vendor :STMicroelectronics USB_HOST 2.0.0
2024-03-11 09:53:25,885 [INFO] ThirdParty:967 - CMSIS Pack Vendor :STMicroelectronics X-CUBE-AZRTOS-F4 1.1.0
2024-03-11 09:53:25,885 [INFO] ThirdParty:967 - CMSIS Pack Vendor :STMicroelectronics X-CUBE-BLE1 7.0.0
2024-03-11 09:53:25,885 [INFO] ThirdParty:967 - CMSIS Pack Vendor :STMicroelectronics FP-ATR-SIGFOX1 3.2.0
2024-03-11 09:53:25,885 [INFO] ThirdParty:967 - CMSIS Pack Vendor :STMicroelectronics X-CUBE-ISPU 2.0.0
2024-03-11 09:53:25,885 [INFO] ThirdParty:967 - CMSIS Pack Vendor :STMicroelectronics USB_DEVICE 3.0.0
2024-03-11 09:53:25,885 [INFO] ThirdParty:967 - CMSIS Pack Vendor :STMicroelectronics X-CUBE-EEPRMA1 5.1.0
2024-03-11 09:53:25,885 [INFO] ThirdParty:967 - CMSIS Pack Vendor :STMicroelectronics HAL Drivers 0.0.0
2024-03-11 09:53:25,885 [INFO] ThirdParty:967 - CMSIS Pack Vendor :STMicroelectronics MBEDTLS 2.16.2
2024-03-11 09:53:25,885 [INFO] ThirdParty:967 - CMSIS Pack Vendor :STMicroelectronics X-CUBE-AZRTOS-WB 2.0.0
2024-03-11 09:53:25,885 [INFO] ThirdParty:967 - CMSIS Pack Vendor :wolfSSL I-CUBE-wolfSSL 5.6.6
2024-03-11 09:53:25,885 [INFO] ThirdParty:967 - CMSIS Pack Vendor :STMicroelectronics X-CUBE-MEMS1 10.0.0
2024-03-11 09:53:25,885 [INFO] ThirdParty:967 - CMSIS Pack Vendor :STMicroelectronics X-CUBE-NFC7 1.0.1
2024-03-11 09:53:25,885 [INFO] ThirdParty:967 - CMSIS Pack Vendor :STMicroelectronics MBEDTLS 2.14.1
2024-03-11 09:53:25,885 [INFO] ThirdParty:967 - CMSIS Pack Vendor :STMicroelectronics X-CUBE-TOUCHGFX 4.23.0
2024-03-11 09:53:25,885 [INFO] ThirdParty:967 - CMSIS Pack Vendor :STMicroelectronics X-CUBE-AZRTOS-F7 1.1.0
2024-03-11 09:53:25,885 [INFO] ThirdParty:967 - CMSIS Pack Vendor :STMicroelectronics X-CUBE-AZRTOS-L5 2.0.0
2024-03-11 09:53:25,886 [INFO] ThirdParty:967 - CMSIS Pack Vendor :STMicroelectronics X-CUBE-NFC6 3.0.0
2024-03-11 09:53:25,886 [INFO] ThirdParty:967 - CMSIS Pack Vendor :portGmbH I-Cube-SoM-uGOAL 1.1.0
2024-03-11 09:53:25,886 [INFO] ThirdParty:967 - CMSIS Pack Vendor :STMicroelectronics X-CUBE-ALS 1.0.1
2024-03-11 09:53:25,886 [INFO] ThirdParty:967 - CMSIS Pack Vendor :STMicroelectronics USB_DEVICE 2.0.0
2024-03-11 09:53:25,886 [INFO] ThirdParty:967 - CMSIS Pack Vendor :STMicroelectronics X-CUBE-AZRTOS-WL 2.0.0
2024-03-11 09:53:25,886 [INFO] ThirdParty:967 - CMSIS Pack Vendor :STMicroelectronics X-CUBE-ALGOBUILD 1.3.0
2024-03-11 09:53:25,886 [INFO] ThirdParty:967 - CMSIS Pack Vendor :SEGGER I-CUBE-embOS 1.3.1
2024-03-11 09:53:25,886 [INFO] ThirdParty:967 - CMSIS Pack Vendor :STMicroelectronics FreeRTOS 0.0.1
2024-03-11 09:53:25,886 [INFO] ThirdParty:967 - CMSIS Pack Vendor :STMicroelectronics X-CUBE-AZRTOS-G0 1.1.0
2024-03-11 09:53:25,886 [INFO] ThirdParty:967 - CMSIS Pack Vendor :STMicroelectronics USB_DEVICE 1.0.0
2024-03-11 09:53:25,886 [INFO] ThirdParty:967 - CMSIS Pack Vendor :STMicroelectronics X-CUBE-AI 8.1.0
2024-03-11 09:53:25,886 [INFO] ThirdParty:967 - CMSIS Pack Vendor :STMicroelectronics X-CUBE-NFC4 3.0.0
2024-03-11 09:53:25,886 [INFO] ThirdParty:967 - CMSIS Pack Vendor :STMicroelectronics X-CUBE-SUBG2 5.0.0
2024-03-11 09:53:25,886 [INFO] ThirdParty:967 - CMSIS Pack Vendor :STMicroelectronics X-CUBE-AZRTOS-L4 2.0.0
2024-03-11 09:53:25,886 [INFO] ThirdParty:967 - CMSIS Pack Vendor :STMicroelectronics ThreadX 0.0.2
2024-03-11 09:53:25,886 [INFO] ThirdParty:967 - CMSIS Pack Vendor :WES I-CUBE-Cesium 1.3.0
2024-03-11 09:53:25,886 [INFO] ThirdParty:967 - CMSIS Pack Vendor :STMicroelectronics FP-ATR-ASTRA1 2.0.0
2024-03-11 09:53:25,886 [INFO] ThirdParty:967 - CMSIS Pack Vendor :STMicroelectronics lwIP 2.0.3
2024-03-11 09:53:25,887 [INFO] ThirdParty:967 - CMSIS Pack Vendor :STMicroelectronics lwIP 2.1.2
2024-03-11 09:53:25,887 [INFO] ThirdParty:967 - CMSIS Pack Vendor :STMicroelectronics X-CUBE-SFXS2LP1 4.0.0
2024-03-11 09:53:25,887 [INFO] ThirdParty:967 - CMSIS Pack Vendor :STMicroelectronics X-CUBE-BLE2 3.3.0
2024-03-11 09:53:25,887 [INFO] ThirdParty:967 - CMSIS Pack Vendor :STMicroelectronics USB_HOST 1.0.0
2024-03-11 09:53:25,887 [INFO] ThirdParty:967 - CMSIS Pack Vendor :STMicroelectronics X-CUBE-AZRTOS-G4 2.0.0
2024-03-11 09:53:25,887 [INFO] ThirdParty:967 - CMSIS Pack Vendor :STMicroelectronics X-CUBE-AZRTOS-H7 3.2.0
2024-03-11 09:53:25,887 [INFO] ThirdParty:967 - CMSIS Pack Vendor :STMicroelectronics PDM2PCM 3.1.0
2024-03-11 09:53:25,887 [INFO] ThirdParty:967 - CMSIS Pack Vendor :STMicroelectronics PDM2PCM 3.2.0
2024-03-11 09:53:25,887 [INFO] ThirdParty:967 - CMSIS Pack Vendor :STMicroelectronics PDM2PCM 3.3.0
2024-03-11 09:53:25,887 [INFO] ThirdParty:787 - exiting critical section [change project]
2024-03-11 09:53:26,329 [INFO] PinOutPanel:1463 - setPackage(No Configuration,No Configuration)
2024-03-11 09:53:26,332 [INFO] PinOutPanel:1463 - setPackage(STM32F103C6Ux,UFQFPN48)
2024-03-11 09:53:26,909 [INFO] UtilMem:74 - Before build in PCC Used Memory: 845234464 Bytes (981467136)
2024-03-11 09:53:27,878 [INFO] UtilMem:74 - After build in PCC Used Memory: 857442304 Bytes (981467136)
2024-03-11 09:53:27,915 [INFO] IPUIPlugin:74 - create IPUIPlugin
2024-03-11 09:53:27,915 [INFO] IPUIPlugin:74 - create IPUIPlugin
2024-03-11 09:53:27,915 [INFO] IPUIPlugin:74 - create IPUIPlugin
2024-03-11 09:53:27,916 [INFO] IPUIPlugin:74 - create IPUIPlugin
2024-03-11 09:53:27,916 [INFO] IPUIPlugin:74 - create IPUIPlugin
2024-03-11 09:53:27,916 [INFO] IPUIPlugin:74 - create IPUIPlugin
2024-03-11 09:53:27,916 [INFO] IPUIPlugin:74 - create IPUIPlugin
2024-03-11 09:53:27,916 [INFO] IPUIPlugin:74 - create IPUIPlugin
2024-03-11 09:53:27,916 [INFO] IPUIPlugin:74 - create IPUIPlugin
2024-03-11 09:53:27,916 [INFO] IPUIPlugin:74 - create IPUIPlugin
2024-03-11 09:53:27,917 [INFO] IPUIPlugin:74 - create IPUIPlugin
2024-03-11 09:53:27,917 [INFO] IPUIPlugin:74 - create IPUIPlugin
2024-03-11 09:53:27,917 [INFO] IPUIPlugin:74 - create IPUIPlugin
2024-03-11 09:53:27,917 [INFO] IPUIPlugin:74 - create IPUIPlugin
2024-03-11 09:53:27,917 [INFO] IPUIPlugin:74 - create IPUIPlugin
2024-03-11 09:53:27,918 [INFO] IPUIPlugin:74 - create IPUIPlugin
2024-03-11 09:53:27,918 [INFO] IPUIPlugin:74 - create IPUIPlugin
2024-03-11 09:53:27,918 [INFO] IPUIPlugin:74 - create IPUIPlugin
2024-03-11 09:53:27,919 [INFO] IPUIPlugin:74 - create IPUIPlugin
2024-03-11 09:53:27,919 [INFO] IPUIPlugin:74 - create IPUIPlugin
2024-03-11 09:53:27,919 [INFO] IPUIPlugin:74 - create IPUIPlugin
2024-03-11 09:53:27,920 [INFO] IPUIPlugin:74 - create IPUIPlugin
2024-03-11 09:53:27,920 [INFO] IPUIPlugin:74 - create IPUIPlugin
2024-03-11 09:53:28,104 [INFO] OpenFileManager:333 - Restore cursor
